Arguments: 
  C:\Program Files\nodejs\node.exe C:\Users\HP\AppData\Roaming\npm\node_modules\yarn\bin\yarn.js add --dev @babel/preset-env

PATH: 
  C:\Users\HP\bin;C:\Program Files\Git\mingw64\bin;C:\Program Files\Git\usr\local\bin;C:\Program Files\Git\usr\bin;C:\Program Files\Git\usr\bin;C:\Program Files\Git\mingw64\bin;C:\Program Files\Git\usr\bin;C:\Users\HP\bin;C:\Windows\system32;C:\Windows;C:\Windows\System32\Wbem;C:\Windows\System32\WindowsPowerShell\v1.0;C:\Windows\System32\OpenSSH;C:\Program Files\Git\cmd;C:\Program Files\nodejs;C:\Program Files\IBM\SPSS\Statistics\25\JRE\bin;C:\Program Files\Amazon\AWSCLIV2;C:\xampp\php;C:\ProgramData\ComposerSetup\bin;C:\Users\HP\AppData\Roaming\npm;C:\Users\HP\.amplify\bin;C:\Users\HP\AppData\Local\Microsoft\WindowsApps;C:\Users\HP\AppData\Local\Programs\Microsoft VS Code\bin;C:\Users\HP\AppData\Roaming\Composer\vendor\bin;C:\Program Files\Git\usr\bin\vendor_perl;C:\Program Files\Git\usr\bin\core_perl

Yarn version: 
  1.22.19

Node version: 
  16.15.1

Platform: 
  win32 x64

Trace: 
  Error: EPERM: operation not permitted, unlink 'C:\Users\HP\Desktop\New folder\frontend-coding-test-ts\node_modules\@esbuild\win32-x64\esbuild.exe'

npm manifest: 
  {
    "name": "frontend-coding-test-ts",
    "private": true,
    "version": "0.0.0",
    "scripts": {
      "dev": "vite",
      "build": "vue-tsc --noEmit && vite build",
      "preview": "vite preview",
      "lint": "vue-tsc --noEmit && eslint -c .eslintrc.js --ext .js,.ts,.vue src/",
      "lint:fix": "npm run lint -- --fix",
      "test": "jest",
      "test:unit": "jest --coverage"
    },
    "dependencies": {
      "axios": "^1.6.5",
      "vue": "^3.3.4",
      "vue-router": "^4.2.5",
      "vue3-toastify": "^0.2.1",
      "vuex": "^4.1.0"
    },
    "devDependencies": {
      "@babel/preset-env": "^7.23.8",
      "@types/jest": "^29.5.11",
      "@vitejs/plugin-vue": "^4.3.4",
      "@vue/eslint-config-prettier": "^8.0.0",
      "@vue/eslint-config-typescript": "^11.0.3",
      "@vue/test-utils": "^2.4.3",
      "autoprefixer": "^10.4.15",
      "babel-jest": "^26.6.3",
      "eslint": "^8.48.0",
      "eslint-config-airbnb-base": "^15.0.0",
      "eslint-config-prettier": "^9.0.0",
      "eslint-import-resolver-alias": "^1.1.2",
      "eslint-plugin-import": "^2.28.1",
      "eslint-plugin-prettier": "^5.0.0",
      "eslint-plugin-prettier-vue": "^5.0.0",
      "eslint-plugin-vue": "^9.17.0",
      "identity-obj-proxy": "^3.0.0",
      "jest": "^26.6.3",
      "jest-serializer-vue": "^3.1.0",
      "jest-transform-stub": "^2.0.0",
      "postcss": "^8.4.28",
      "prettier": "^3.0.2",
      "tailwindcss": "^3.3.3",
      "ts-jest": "^26.5.6",
      "typescript": "^5.2.2",
      "vite": "^4.4.9",
      "vue-jest": "^5.0.0-0",
      "vue-tsc": "^1.8.8"
    }
  }

yarn manifest: 
  No manifest

Lockfile: 
  No lockfile
